# JRE version: OpenJDK Runtime Environment Microsoft-28056 (17.0.1+12) (build 17.0.1+12-LTS)
# Java VM: OpenJDK 64-Bit Server VM Microsoft-28056 (17.0.1+12-LTS, mixed mode, tiered, compressed oops, compressed class ptrs, g1 gc, windows-amd64)
GC Precious Log:
 CPUs: 6 total, 6 available
 Memory: 32703M
 Large Page Support: Disabled
 NUMA Support: Disabled
 Compressed Oops: Enabled (Zero based)
 Heap Region Size: 2M
 Heap Min Capacity: 256M
 Heap Initial Capacity: 256M
 Heap Max Capacity: 4G
 Pre-touch: Disabled
 Parallel Workers: 6
 Concurrent Workers: 2
 Concurrent Refinement Workers: 6
 Periodic GC: Disabled
Heap:
 garbage-first heap   total 536576K, used 289927K [0x0000000700000000, 0x0000000800000000)
  region size 2048K, 65 young (133120K), 8 survivors (16384K)
 Metaspace       used 40620K, committed 40960K, reserved 1089536K
  class space    used 4417K, committed 4608K, reserved 1048576K
GC Heap History (20 events):
Event: 2.009 GC heap before
{Heap before GC invocations=8 (full 0):
 garbage-first heap   total 262144K, used 172633K [0x0000000700000000, 0x0000000800000000)
  region size 2048K, 50 young (102400K), 1 survivors (2048K)
 Metaspace       used 28769K, committed 29056K, reserved 1081344K
  class space    used 3035K, committed 3200K, reserved 1048576K
}
Event: 2.016 GC heap after
{Heap after GC invocations=9 (full 0):
 garbage-first heap   total 446464K, used 89706K [0x0000000700000000, 0x0000000800000000)
  region size 2048K, 7 young (14336K), 7 survivors (14336K)
 Metaspace       used 28769K, committed 29056K, reserved 1081344K
  class space    used 3035K, committed 3200K, reserved 1048576K
}
Event: 2.454 GC heap before
{Heap before GC invocations=9 (full 0):
 garbage-first heap   total 446464K, used 296554K [0x0000000700000000, 0x0000000800000000)
  region size 2048K, 108 young (221184K), 7 survivors (14336K)
 Metaspace       used 28963K, committed 29248K, reserved 1081344K
  class space    used 3043K, committed 3200K, reserved 1048576K
}
Event: 2.467 GC heap after
{Heap after GC invocations=10 (full 0):
 garbage-first heap   total 446464K, used 118557K [0x0000000700000000, 0x0000000800000000)
  region size 2048K, 14 young (28672K), 14 survivors (28672K)
 Metaspace       used 28963K, committed 29248K, reserved 1081344K
  class space    used 3043K, committed 3200K, reserved 1048576K
}
Event: 2.783 GC heap before
{Heap before GC invocations=10 (full 0):
 garbage-first heap   total 446464K, used 292637K [0x0000000700000000, 0x0000000800000000)
  region size 2048K, 99 young (202752K), 14 survivors (28672K)
 Metaspace       used 29428K, committed 29632K, reserved 1081344K
  class space    used 3089K, committed 3200K, reserved 1048576K
}
Event: 2.799 GC heap after
{Heap after GC invocations=11 (full 0):
 garbage-first heap   total 446464K, used 140756K [0x0000000700000000, 0x0000000800000000)
  region size 2048K, 12 young (24576K), 12 survivors (24576K)
 Metaspace       used 29428K, committed 29632K, reserved 1081344K
  class space    used 3089K, committed 3200K, reserved 1048576K
}
Event: 3.133 GC heap before
{Heap before GC invocations=11 (full 0):
 garbage-first heap   total 446464K, used 308692K [0x0000000700000000, 0x0000000800000000)
  region size 2048K, 94 young (192512K), 12 survivors (24576K)
 Metaspace       used 30929K, committed 31168K, reserved 1081344K
  class space    used 3236K, committed 3328K, reserved 1048576K
}
Event: 3.144 GC heap after
{Heap after GC invocations=12 (full 0):
 garbage-first heap   total 446464K, used 144102K [0x0000000700000000, 0x0000000800000000)
  region size 2048K, 4 young (8192K), 4 survivors (8192K)
 Metaspace       used 30929K, committed 31168K, reserved 1081344K
  class space    used 3236K, committed 3328K, reserved 1048576K
}
Event: 3.820 GC heap before
{Heap before GC invocations=12 (full 0):
 garbage-first heap   total 446464K, used 332518K [0x0000000700000000, 0x0000000800000000)
  region size 2048K, 91 young (186368K), 4 survivors (8192K)
 Metaspace       used 35841K, committed 36160K, reserved 1081344K
  class space    used 3840K, committed 4032K, reserved 1048576K
}
Event: 3.825 GC heap after
{Heap after GC invocations=13 (full 0):
 garbage-first heap   total 536576K, used 160633K [0x0000000700000000, 0x0000000800000000)
  region size 2048K, 6 young (12288K), 6 survivors (12288K)
 Metaspace       used 35841K, committed 36160K, reserved 1081344K
  class space    used 3840K, committed 4032K, reserved 1048576K
}
Event: 4.009 GC heap before
{Heap before GC invocations=14 (full 0):
 garbage-first heap   total 536576K, used 408441K [0x0000000700000000, 0x0000000800000000)
  region size 2048K, 128 young (262144K), 6 survivors (12288K)
 Metaspace       used 36173K, committed 36480K, reserved 1081344K
  class space    used 3871K, committed 4032K, reserved 1048576K
}
Event: 4.014 GC heap after
{Heap after GC invocations=15 (full 0):
 garbage-first heap   total 536576K, used 162768K [0x0000000700000000, 0x0000000800000000)
  region size 2048K, 8 young (16384K), 8 survivors (16384K)
 Metaspace       used 36173K, committed 36480K, reserved 1081344K
  class space    used 3871K, committed 4032K, reserved 1048576K
}
Event: 4.018 GC heap before
{Heap before GC invocations=15 (full 0):
 garbage-first heap   total 536576K, used 173008K [0x0000000700000000, 0x0000000800000000)
  region size 2048K, 13 young (26624K), 8 survivors (16384K)
 Metaspace       used 36173K, committed 36480K, reserved 1081344K
  class space    used 3871K, committed 4032K, reserved 1048576K
}
Event: 4.024 GC heap after
{Heap after GC invocations=16 (full 0):
 garbage-first heap   total 536576K, used 160860K [0x0000000700000000, 0x0000000800000000)
  region size 2048K, 1 young (2048K), 1 survivors (2048K)
 Metaspace       used 36173K, committed 36480K, reserved 1081344K
  class space    used 3871K, committed 4032K, reserved 1048576K
}
Event: 4.164 GC heap before
{Heap before GC invocations=16 (full 0):
 garbage-first heap   total 536576K, used 423004K [0x0000000700000000, 0x0000000800000000)
  region size 2048K, 129 young (264192K), 1 survivors (2048K)
 Metaspace       used 36385K, committed 36672K, reserved 1081344K
  class space    used 3873K, committed 4032K, reserved 1048576K
}
Event: 4.166 GC heap after
{Heap after GC invocations=17 (full 0):
 garbage-first heap   total 536576K, used 163872K [0x0000000700000000, 0x0000000800000000)
  region size 2048K, 3 young (6144K), 3 survivors (6144K)
 Metaspace       used 36385K, committed 36672K, reserved 1081344K
  class space    used 3873K, committed 4032K, reserved 1048576K
}
Event: 4.356 GC heap before
{Heap before GC invocations=17 (full 0):
 garbage-first heap   total 536576K, used 434208K [0x0000000700000000, 0x0000000800000000)
  region size 2048K, 135 young (276480K), 3 survivors (6144K)
 Metaspace       used 37016K, committed 37312K, reserved 1089536K
  class space    used 3932K, committed 4096K, reserved 1048576K
}
Event: 4.359 GC heap after
{Heap after GC invocations=18 (full 0):
 garbage-first heap   total 536576K, used 169447K [0x0000000700000000, 0x0000000800000000)
  region size 2048K, 5 young (10240K), 5 survivors (10240K)
 Metaspace       used 37016K, committed 37312K, reserved 1089536K
  class space    used 3932K, committed 4096K, reserved 1048576K
}
Event: 4.624 GC heap before
{Heap before GC invocations=18 (full 0):
 garbage-first heap   total 536576K, used 439783K [0x0000000700000000, 0x0000000800000000)
  region size 2048K, 137 young (280576K), 5 survivors (10240K)
 Metaspace       used 39296K, committed 39680K, reserved 1089536K
  class space    used 4216K, committed 4416K, reserved 1048576K
}
Event: 4.629 GC heap after
{Heap after GC invocations=19 (full 0):
 garbage-first heap   total 536576K, used 175239K [0x0000000700000000, 0x0000000800000000)
  region size 2048K, 8 young (16384K), 8 survivors (16384K)
 Metaspace       used 39296K, committed 39680K, reserved 1089536K
  class space    used 4216K, committed 4416K, reserved 1048576K
}

